  GameManager.cpp
C:\Users\apreynat\Documents\GitHub\Brick-Breaker\SFML Project\GameObject.h(58,15): warning C4305: 'initialisation' : troncation de 'double' à 'float'
C:\Users\apreynat\Documents\GitHub\Brick-Breaker\SFML Project\GameManager.cpp(17,53): warning C4244: 'argument' : conversion de 'int' en 'float', perte possible de données
C:\Users\apreynat\Documents\GitHub\Brick-Breaker\SFML Project\GameManager.cpp(17,39): warning C4244: 'argument' : conversion de 'int' en 'float', perte possible de données
C:\Users\apreynat\Documents\GitHub\Brick-Breaker\SFML Project\GameManager.cpp(18,36): warning C4244: 'argument' : conversion de 'int' en 'float', perte possible de données
C:\Users\apreynat\Documents\GitHub\Brick-Breaker\SFML Project\GameManager.cpp(18,31): warning C4244: 'argument' : conversion de 'int' en 'float', perte possible de données
C:\Users\apreynat\Documents\GitHub\Brick-Breaker\SFML Project\GameManager.cpp(38,21): warning C4244: 'initialisation' : conversion de 'float' en 'int', perte possible de données
C:\Users\apreynat\Documents\GitHub\Brick-Breaker\SFML Project\GameManager.cpp(39,24): warning C4244: 'initialisation' : conversion de 'float' en 'int', perte possible de données
C:\Users\apreynat\Documents\GitHub\Brick-Breaker\SFML Project\GameManager.cpp(57,72): warning C4244: 'argument' : conversion de 'int' en 'float', perte possible de données
C:\Users\apreynat\Documents\GitHub\Brick-Breaker\SFML Project\GameManager.cpp(57,57): warning C4244: 'argument' : conversion de 'int' en 'float', perte possible de données
C:\Users\apreynat\Documents\GitHub\Brick-Breaker\SFML Project\GameManager.cpp(106,82): warning C4244: 'argument' : conversion de 'T' en 'float', perte possible de données
          with
          [
              T=int
          ]
C:\Users\apreynat\Documents\GitHub\Brick-Breaker\SFML Project\GameManager.cpp(107,81): warning C4244: 'argument' : conversion de 'T' en 'float', perte possible de données
          with
          [
              T=int
          ]
C:\Users\apreynat\Documents\GitHub\Brick-Breaker\SFML Project\GameManager.cpp(119,62): warning C4244: 'argument' : conversion de 'int' en 'float', perte possible de données
C:\Users\apreynat\Documents\GitHub\Brick-Breaker\SFML Project\GameManager.cpp(119,52): warning C4244: 'argument' : conversion de 'int' en 'float', perte possible de données
C:\Users\apreynat\Documents\GitHub\Brick-Breaker\SFML Project\GameManager.cpp(119,48): warning C4244: 'argument' : conversion de 'T' en 'float', perte possible de données
          with
          [
              T=int
          ]
C:\Users\apreynat\Documents\GitHub\Brick-Breaker\SFML Project\GameManager.cpp(119,39): warning C4244: 'argument' : conversion de 'T' en 'float', perte possible de données
          with
          [
              T=int
          ]
  SFML Project.vcxproj -> C:\Users\apreynat\Documents\GitHub\Brick-Breaker\x64\Debug\SFML Project.exe
